<?xml version="1.0" encoding="UTF-8"?>
<testsuite name="Test"
           tests="4"
           failures="0"
           errors="0"
           skipped="0"
           time="32.764">
  <properties />
  
  
            <testcase name="test_login" time="11.380" classname="test.Test_Login" />
                <testcase name="test_login" time="7.682" classname="test.Test_Login" />
                <testcase name="test_login" time="6.883" classname="test.Test_Login" />
                <testcase name="test_login" time="6.819" classname="test.Test_Login" />
      
</testsuite>
